<?xml version="1.0" encoding="UTF-8"?>
<testsuite xmlns:xsi="http://www.w3.org/2001/XMLSchema-instance" xsi:noNamespaceSchemaLocation="https://maven.apache.org/surefire/maven-surefire-plugin/xsd/surefire-test-report-3.0.xsd" version="3.0" name="com.ibm.codeanalyzer.QualityAnalysisServiceTest" time="0.67" tests="5" errors="0" skipped="0" failures="0">
  <properties>
[...]
</properties>
  <testcase name="detectsGodClass" classname="com.ibm.codeanalyzer.QualityAnalysisServiceTest" time="0.583">
    <system-out><![CDATA[17:57:31.001 [main] INFO com.ibm.codeanalyzer.service.QualityAnalysisService -- Starting code quality analysis on 1 files
17:57:31.338 [main] INFO com.ibm.codeanalyzer.service.QualityAnalysisService -- Quality analysis complete — 1 findings
]]></system-out>
  </testcase>
  <testcase name="detectsHighCyclomaticComplexity" classname="com.ibm.codeanalyzer.QualityAnalysisServiceTest" time="0.025">
    <system-out><![CDATA[17:57:31.423 [main] INFO com.ibm.codeanalyzer.service.QualityAnalysisService -- Starting code quality analysis on 1 files
17:57:31.445 [main] INFO com.ibm.codeanalyzer.service.QualityAnalysisService -- Quality analysis complete — 2 findings
]]></system-out>
  </testcase>
  <testcase name="detectsSystemOutPrintln" classname="com.ibm.codeanalyzer.QualityAnalysisServiceTest" time="0.007">
    <system-out><![CDATA[17:57:31.449 [main] INFO com.ibm.codeanalyzer.service.QualityAnalysisService -- Starting code quality analysis on 1 files
17:57:31.453 [main] INFO com.ibm.codeanalyzer.service.QualityAnalysisService -- Quality analysis complete — 1 findings
]]></system-out>
  </testcase>
  <testcase name="detectsEmptyCatchBlock" classname="com.ibm.codeanalyzer.QualityAnalysisServiceTest" time="0.004">
    <system-out><![CDATA[17:57:31.456 [main] INFO com.ibm.codeanalyzer.service.QualityAnalysisService -- Starting code quality analysis on 1 files
17:57:31.459 [main] INFO com.ibm.codeanalyzer.service.QualityAnalysisService -- Quality analysis complete — 1 findings
]]></system-out>
  </testcase>
  <testcase name="detectsTodoComment" classname="com.ibm.codeanalyzer.QualityAnalysisServiceTest" time="0.007">
    <system-out><![CDATA[17:57:31.463 [main] INFO com.ibm.codeanalyzer.service.QualityAnalysisService -- Starting code quality analysis on 1 files
17:57:31.466 [main] INFO com.ibm.codeanalyzer.service.QualityAnalysisService -- Quality analysis complete — 1 findings
]]></system-out>
  </testcase>
</testsuite>